<?xml version="1.0" encoding="UTF-8"?>
<!-- Generated by org.testng.reporters.JUnitXMLReporter -->
<testsuite ignored="0" hostname="MSI" failures="0" tests="4" name="Default test" time="7.441" errors="0" timestamp="2024-07-07T21:20:23 EET">
  <testcase classname="MyTestCases" name="addData" time="0.037"/>
  <testcase classname="MyTestCases" name="updateData" time="0.012"/>
  <testcase classname="MyTestCases" name="getData" time="7.05"/>
  <testcase classname="MyTestCases" name="deleteData" time="0.021"/>
</testsuite> <!-- Default test -->
