<?xml version="1.0" encoding="UTF-8"?>
<testng-results ignored="0" total="4" passed="4" failed="0" skipped="0">
  <reporter-output>
  </reporter-output>
  <suite started-at="2024-07-07T21:20:16 EET" name="Default suite" finished-at="2024-07-07T21:20:23 EET" duration-ms="7441">
    <groups>
    </groups>
    <test started-at="2024-07-07T21:20:16 EET" name="Default test" finished-at="2024-07-07T21:20:23 EET" duration-ms="7441">
      <class name="MyTestCases">
        <test-method is-config="true" signature="setUp()[pri:0, instance:MyTestCases@42463763]" started-at="2024-07-07T21:20:16 EET" name="setUp" finished-at="2024-07-07T21:20:16 EET" duration-ms="285" status="PASS">
          <reporter-output>
          </reporter-output>
        </test-method> <!-- setUp -->
        <test-method signature="addData()[pri:1, instance:MyTestCases@42463763]" started-at="2024-07-07T21:20:16 EET" name="addData" finished-at="2024-07-07T21:20:16 EET" duration-ms="37" status="PASS">
          <reporter-output>
          </reporter-output>
        </test-method> <!-- addData -->
        <test-method signature="updateData()[pri:2, instance:MyTestCases@42463763]" started-at="2024-07-07T21:20:16 EET" name="updateData" finished-at="2024-07-07T21:20:16 EET" duration-ms="12" status="PASS">
          <reporter-output>
          </reporter-output>
        </test-method> <!-- updateData -->
        <test-method signature="getData()[pri:3, instance:MyTestCases@42463763]" started-at="2024-07-07T21:20:16 EET" name="getData" finished-at="2024-07-07T21:20:23 EET" duration-ms="7050" status="PASS">
          <reporter-output>
          </reporter-output>
        </test-method> <!-- getData -->
        <test-method signature="deleteData()[pri:4, instance:MyTestCases@42463763]" started-at="2024-07-07T21:20:23 EET" name="deleteData" finished-at="2024-07-07T21:20:23 EET" duration-ms="21" status="PASS">
          <reporter-output>
          </reporter-output>
        </test-method> <!-- deleteData -->
      </class> <!-- MyTestCases -->
    </test> <!-- Default test -->
  </suite> <!-- Default suite -->
</testng-results>
